  [1m[35m (55.7ms)[0m  [1m[35mCREATE DATABASE "Quran_Racers_development" ENCODING = 'unicode'[0m
  [1m[35m (0.8ms)[0m  [1m[35mCREATE DATABASE "Quran_Racers_test" ENCODING = 'unicode'[0m
  [1m[35m (50.9ms)[0m  [1m[34mSELECT "schema_migrations"."version" FROM "schema_migrations" ORDER BY "schema_migrations"."version" ASC[0m
  [1m[35m (14.3ms)[0m  [1m[34mSELECT "ar_internal_metadata"."value" FROM "ar_internal_metadata" WHERE "ar_internal_metadata"."key" = $1[0m  [["key", "environment"]]
  [1m[35m (0.7ms)[0m  [1m[34mSELECT "schema_migrations"."version" FROM "schema_migrations" ORDER BY "schema_migrations"."version" ASC[0m
  [1m[35m (0.6ms)[0m  [1m[34mSELECT "ar_internal_metadata"."value" FROM "ar_internal_metadata" WHERE "ar_internal_metadata"."key" = $1[0m  [["key", "environment"]]
  [1m[35m (0.6ms)[0m  [1m[34mSELECT "schema_migrations"."version" FROM "schema_migrations" ORDER BY "schema_migrations"."version" ASC[0m
  [1m[35m (0.6ms)[0m  [1m[34mSELECT "ar_internal_metadata"."value" FROM "ar_internal_metadata" WHERE "ar_internal_metadata"."key" = $1[0m  [["key", "environment"]]
  [1m[35m (27.3ms)[0m  [1m[34mSELECT pg_try_advisory_lock(879314988162354450)[0m
  [1m[35m (0.6ms)[0m  [1m[34mSELECT "schema_migrations"."version" FROM "schema_migrations" ORDER BY "schema_migrations"."version" ASC[0m
  [1m[36mActiveRecord::InternalMetadata Load (0.5ms)[0m  [1m[34mSELECT "ar_internal_metadata".* FROM "ar_internal_metadata" WHERE "ar_internal_metadata"."key" = $1 LIMIT $2[0m  [["key", "environment"], ["LIMIT", 1]]
  [1m[35m (0.3ms)[0m  [1m[34mSELECT pg_advisory_unlock(879314988162354450)[0m
  [1m[35m (0.7ms)[0m  [1m[34mSELECT "schema_migrations"."version" FROM "schema_migrations" ORDER BY "schema_migrations"."version" ASC[0m
  [1m[35m (0.3ms)[0m  [1m[34mSELECT pg_try_advisory_lock(879314988162354450)[0m
  [1m[35m (0.5ms)[0m  [1m[34mSELECT "schema_migrations"."version" FROM "schema_migrations" ORDER BY "schema_migrations"."version" ASC[0m
Migrating to DeviseCreateUsers (20220921152945)
  [1m[36mTRANSACTION (0.3ms)[0m  [1m[35mBEGIN[0m
  [1m[35m (256.5ms)[0m  [1m[35mCREATE TABLE "users" ("id" bigserial primary key, "email" character varying DEFAULT '' NOT NULL, "encrypted_password" character varying DEFAULT '' NOT NULL, "reset_password_token" character varying, "reset_password_sent_at" timestamp, "remember_created_at" timestamp, "created_at" timestamp(6) NOT NULL, "updated_at" timestamp(6) NOT NULL)[0m
  [1m[36mTRANSACTION (0.6ms)[0m  [1m[31mROLLBACK[0m
  [1m[35m (0.9ms)[0m  [1m[34mSELECT pg_advisory_unlock(879314988162354450)[0m
  [1m[35m (26.8ms)[0m  [1m[34mSELECT pg_try_advisory_lock(879314988162354450)[0m
  [1m[35m (157.5ms)[0m  [1m[34mSELECT "schema_migrations"."version" FROM "schema_migrations" ORDER BY "schema_migrations"."version" ASC[0m
Migrating to DeviseCreateUsers (20220921152945)
  [1m[36mTRANSACTION (0.6ms)[0m  [1m[35mBEGIN[0m
  [1m[35m (1360.2ms)[0m  [1m[35mCREATE TABLE "users" ("id" bigserial primary key, "email" character varying DEFAULT '' NOT NULL, "encrypted_password" character varying DEFAULT '' NOT NULL, "reset_password_token" character varying, "reset_password_sent_at" timestamp, "remember_created_at" timestamp, "created_at" timestamp(6) NOT NULL, "updated_at" timestamp(6) NOT NULL)[0m
  [1m[36mTRANSACTION (0.4ms)[0m  [1m[31mROLLBACK[0m
  [1m[35m (1.0ms)[0m  [1m[34mSELECT pg_advisory_unlock(879314988162354450)[0m
  [1m[35m (1.4ms)[0m  [1m[34mSELECT "schema_migrations"."version" FROM "schema_migrations" ORDER BY "schema_migrations"."version" ASC[0m
  [1m[35m (67.6ms)[0m  [1m[34mSELECT "ar_internal_metadata"."value" FROM "ar_internal_metadata" WHERE "ar_internal_metadata"."key" = $1[0m  [["key", "environment"]]
  [1m[35m (0.8ms)[0m  [1m[34mSELECT "schema_migrations"."version" FROM "schema_migrations" ORDER BY "schema_migrations"."version" ASC[0m
  [1m[35m (0.7ms)[0m  [1m[34mSELECT "ar_internal_metadata"."value" FROM "ar_internal_metadata" WHERE "ar_internal_metadata"."key" = $1[0m  [["key", "environment"]]
  [1m[35m (0.7ms)[0m  [1m[34mSELECT "schema_migrations"."version" FROM "schema_migrations" ORDER BY "schema_migrations"."version" ASC[0m
  [1m[35m (0.6ms)[0m  [1m[34mSELECT "ar_internal_metadata"."value" FROM "ar_internal_metadata" WHERE "ar_internal_metadata"."key" = $1[0m  [["key", "environment"]]
  [1m[35m (1164.3ms)[0m  [1m[35mDROP DATABASE IF EXISTS "Quran_Racers_development"[0m
  [1m[35m (333.8ms)[0m  [1m[35mDROP DATABASE IF EXISTS "Quran_Racers_test"[0m
  [1m[35m (1630.1ms)[0m  [1m[35mCREATE DATABASE "Quran_Racers_development" ENCODING = 'unicode'[0m
  [1m[35m (3906.2ms)[0m  [1m[35mCREATE DATABASE "Quran_Racers_test" ENCODING = 'unicode'[0m
  [1m[35mSQL (0.7ms)[0m  [1m[35mCREATE EXTENSION IF NOT EXISTS "plpgsql"[0m
  [1m[35m (106.4ms)[0m  [1m[35mDROP TABLE IF EXISTS "installs" CASCADE[0m
  [1m[35m (202.2ms)[0m  [1m[35mCREATE TABLE "installs" ("id" bigserial primary key, "email" character varying DEFAULT '' NOT NULL, "encrypted_password" character varying DEFAULT '' NOT NULL, "reset_password_token" character varying, "reset_password_sent_at" timestamp, "remember_created_at" timestamp, "created_at" timestamp(6) NOT NULL, "updated_at" timestamp(6) NOT NULL)[0m
  [1m[35m (74.1ms)[0m  [1m[35mCREATE UNIQUE INDEX "index_installs_on_email" ON "installs" ("email")[0m
  [1m[35m (63.8ms)[0m  [1m[35mCREATE UNIQUE INDEX "index_installs_on_reset_password_token" ON "installs" ("reset_password_token")[0m
  [1m[35m (0.7ms)[0m  [1m[35mDROP TABLE IF EXISTS "users" CASCADE[0m
  [1m[35m (135.2ms)[0m  [1m[35mCREATE TABLE "users" ("id" bigserial primary key, "email" character varying DEFAULT '' NOT NULL, "encrypted_password" character varying DEFAULT '' NOT NULL, "reset_password_token" character varying, "reset_password_sent_at" timestamp, "remember_created_at" timestamp, "created_at" timestamp(6) NOT NULL, "updated_at" timestamp(6) NOT NULL)[0m
  [1m[35m (64.7ms)[0m  [1m[35mCREATE UNIQUE INDEX "index_users_on_email" ON "users" ("email")[0m
  [1m[35m (64.2ms)[0m  [1m[35mCREATE UNIQUE INDEX "index_users_on_reset_password_token" ON "users" ("reset_password_token")[0m
  [1m[35m (161.7ms)[0m  [1m[35mCREATE TABLE "schema_migrations" ("version" character varying NOT NULL PRIMARY KEY)[0m
  [1m[35m (0.6ms)[0m  [1m[34mSELECT "schema_migrations"."version" FROM "schema_migrations" ORDER BY "schema_migrations"."version" ASC[0m
  [1m[35m (12.4ms)[0m  [1m[32mINSERT INTO "schema_migrations" (version) VALUES (20220921150108)[0m
  [1m[35m (120.4ms)[0m  [1m[35mCREATE TABLE "ar_internal_metadata" ("key" character varying NOT NULL PRIMARY KEY, "value" character varying, "created_at" timestamp(6) NOT NULL, "updated_at" timestamp(6) NOT NULL)[0m
  [1m[36mActiveRecord::InternalMetadata Load (1.0ms)[0m  [1m[34mSELECT "ar_internal_metadata".* FROM "ar_internal_metadata" WHERE "ar_internal_metadata"."key" = $1 LIMIT $2[0m  [["key", "environment"], ["LIMIT", 1]]
  [1m[36mTRANSACTION (0.5ms)[0m  [1m[35mBEGIN[0m
  [1m[36mActiveRecord::InternalMetadata Create (6.8ms)[0m  [1m[32mINSERT INTO "ar_internal_metadata" ("key", "value", "created_at", "updated_at") VALUES ($1, $2, $3, $4) RETURNING "key"[0m  [["key", "environment"], ["value", "development"], ["created_at", "2022-09-21 19:53:39.519479"], ["updated_at", "2022-09-21 19:53:39.519479"]]
  [1m[36mTRANSACTION (20.2ms)[0m  [1m[35mCOMMIT[0m
  [1m[36mActiveRecord::InternalMetadata Load (0.7ms)[0m  [1m[34mSELECT "ar_internal_metadata".* FROM "ar_internal_metadata" WHERE "ar_internal_metadata"."key" = $1 LIMIT $2[0m  [["key", "environment"], ["LIMIT", 1]]
  [1m[36mActiveRecord::InternalMetadata Load (0.7ms)[0m  [1m[34mSELECT "ar_internal_metadata".* FROM "ar_internal_metadata" WHERE "ar_internal_metadata"."key" = $1 LIMIT $2[0m  [["key", "schema_sha1"], ["LIMIT", 1]]
  [1m[36mTRANSACTION (0.4ms)[0m  [1m[35mBEGIN[0m
  [1m[36mActiveRecord::InternalMetadata Create (0.8ms)[0m  [1m[32mINSERT INTO "ar_internal_metadata" ("key", "value", "created_at", "updated_at") VALUES ($1, $2, $3, $4) RETURNING "key"[0m  [["key", "schema_sha1"], ["value", "c22e5d3e34c0529aaa8ba352bcf2edfd72f41920"], ["created_at", "2022-09-21 19:53:39.572425"], ["updated_at", "2022-09-21 19:53:39.572425"]]
  [1m[36mTRANSACTION (10.7ms)[0m  [1m[35mCOMMIT[0m
  [1m[35mSQL (1.0ms)[0m  [1m[35mCREATE EXTENSION IF NOT EXISTS "plpgsql"[0m
  [1m[35m (0.6ms)[0m  [1m[35mDROP TABLE IF EXISTS "installs" CASCADE[0m
  [1m[35m (150.5ms)[0m  [1m[35mCREATE TABLE "installs" ("id" bigserial primary key, "email" character varying DEFAULT '' NOT NULL, "encrypted_password" character varying DEFAULT '' NOT NULL, "reset_password_token" character varying, "reset_password_sent_at" timestamp, "remember_created_at" timestamp, "created_at" timestamp(6) NOT NULL, "updated_at" timestamp(6) NOT NULL)[0m
  [1m[35m (63.9ms)[0m  [1m[35mCREATE UNIQUE INDEX "index_installs_on_email" ON "installs" ("email")[0m
  [1m[35m (108.5ms)[0m  [1m[35mCREATE UNIQUE INDEX "index_installs_on_reset_password_token" ON "installs" ("reset_password_token")[0m
  [1m[35m (0.7ms)[0m  [1m[35mDROP TABLE IF EXISTS "users" CASCADE[0m
  [1m[35m (136.5ms)[0m  [1m[35mCREATE TABLE "users" ("id" bigserial primary key, "email" character varying DEFAULT '' NOT NULL, "encrypted_password" character varying DEFAULT '' NOT NULL, "reset_password_token" character varying, "reset_password_sent_at" timestamp, "remember_created_at" timestamp, "created_at" timestamp(6) NOT NULL, "updated_at" timestamp(6) NOT NULL)[0m
  [1m[35m (64.1ms)[0m  [1m[35mCREATE UNIQUE INDEX "index_users_on_email" ON "users" ("email")[0m
  [1m[35m (64.3ms)[0m  [1m[35mCREATE UNIQUE INDEX "index_users_on_reset_password_token" ON "users" ("reset_password_token")[0m
  [1m[35m (127.7ms)[0m  [1m[35mCREATE TABLE "schema_migrations" ("version" character varying NOT NULL PRIMARY KEY)[0m
  [1m[35m (1.5ms)[0m  [1m[34mSELECT "schema_migrations"."version" FROM "schema_migrations" ORDER BY "schema_migrations"."version" ASC[0m
  [1m[35m (11.1ms)[0m  [1m[32mINSERT INTO "schema_migrations" (version) VALUES (20220921150108)[0m
  [1m[35m (140.5ms)[0m  [1m[35mCREATE TABLE "ar_internal_metadata" ("key" character varying NOT NULL PRIMARY KEY, "value" character varying, "created_at" timestamp(6) NOT NULL, "updated_at" timestamp(6) NOT NULL)[0m
  [1m[36mActiveRecord::InternalMetadata Load (0.9ms)[0m  [1m[34mSELECT "ar_internal_metadata".* FROM "ar_internal_metadata" WHERE "ar_internal_metadata"."key" = $1 LIMIT $2[0m  [["key", "environment"], ["LIMIT", 1]]
  [1m[36mTRANSACTION (0.3ms)[0m  [1m[35mBEGIN[0m
  [1m[36mActiveRecord::InternalMetadata Create (1.1ms)[0m  [1m[32mINSERT INTO "ar_internal_metadata" ("key", "value", "created_at", "updated_at") VALUES ($1, $2, $3, $4) RETURNING "key"[0m  [["key", "environment"], ["value", "development"], ["created_at", "2022-09-21 19:53:40.568149"], ["updated_at", "2022-09-21 19:53:40.568149"]]
  [1m[36mTRANSACTION (5.0ms)[0m  [1m[35mCOMMIT[0m
  [1m[36mActiveRecord::InternalMetadata Load (0.6ms)[0m  [1m[34mSELECT "ar_internal_metadata".* FROM "ar_internal_metadata" WHERE "ar_internal_metadata"."key" = $1 LIMIT $2[0m  [["key", "environment"], ["LIMIT", 1]]
  [1m[36mTRANSACTION (0.2ms)[0m  [1m[35mBEGIN[0m
  [1m[36mActiveRecord::InternalMetadata Update (0.3ms)[0m  [1m[33mUPDATE "ar_internal_metadata" SET "value" = $1, "updated_at" = $2 WHERE "ar_internal_metadata"."key" = $3[0m  [["value", "test"], ["updated_at", "2022-09-21 19:53:40.589489"], ["key", "environment"]]
  [1m[36mTRANSACTION (20.4ms)[0m  [1m[35mCOMMIT[0m
  [1m[36mActiveRecord::InternalMetadata Load (0.7ms)[0m  [1m[34mSELECT "ar_internal_metadata".* FROM "ar_internal_metadata" WHERE "ar_internal_metadata"."key" = $1 LIMIT $2[0m  [["key", "schema_sha1"], ["LIMIT", 1]]
  [1m[36mTRANSACTION (0.3ms)[0m  [1m[35mBEGIN[0m
  [1m[36mActiveRecord::InternalMetadata Create (0.7ms)[0m  [1m[32mINSERT INTO "ar_internal_metadata" ("key", "value", "created_at", "updated_at") VALUES ($1, $2, $3, $4) RETURNING "key"[0m  [["key", "schema_sha1"], ["value", "c22e5d3e34c0529aaa8ba352bcf2edfd72f41920"], ["created_at", "2022-09-21 19:53:40.634128"], ["updated_at", "2022-09-21 19:53:40.634128"]]
  [1m[36mTRANSACTION (17.7ms)[0m  [1m[35mCOMMIT[0m
  [1m[35m (0.6ms)[0m  [1m[34mSELECT "schema_migrations"."version" FROM "schema_migrations" ORDER BY "schema_migrations"."version" ASC[0m
  [1m[35m (0.3ms)[0m  [1m[34mSELECT pg_try_advisory_lock(879314988162354450)[0m
  [1m[35m (0.5ms)[0m  [1m[34mSELECT "schema_migrations"."version" FROM "schema_migrations" ORDER BY "schema_migrations"."version" ASC[0m
Migrating to DeviseCreateUsers (20220921152945)
  [1m[36mTRANSACTION (0.2ms)[0m  [1m[35mBEGIN[0m
  [1m[35m (17.3ms)[0m  [1m[35mCREATE TABLE "users" ("id" bigserial primary key, "email" character varying DEFAULT '' NOT NULL, "encrypted_password" character varying DEFAULT '' NOT NULL, "reset_password_token" character varying, "reset_password_sent_at" timestamp, "remember_created_at" timestamp, "created_at" timestamp(6) NOT NULL, "updated_at" timestamp(6) NOT NULL)[0m
  [1m[36mTRANSACTION (0.2ms)[0m  [1m[31mROLLBACK[0m
  [1m[35m (0.3ms)[0m  [1m[34mSELECT pg_advisory_unlock(879314988162354450)[0m
  [1m[35m (0.2ms)[0m  [1m[34mSELECT pg_try_advisory_lock(879314988162354450)[0m
  [1m[35m (0.5ms)[0m  [1m[34mSELECT "schema_migrations"."version" FROM "schema_migrations" ORDER BY "schema_migrations"."version" ASC[0m
Migrating to DropInstalls (20220921194155)
  [1m[36mTRANSACTION (0.2ms)[0m  [1m[35mBEGIN[0m
  [1m[35m (11.9ms)[0m  [1m[35mDROP TABLE "installs"[0m
  [1m[36mActiveRecord::SchemaMigration Create (0.6ms)[0m  [1m[32mINSERT INTO "schema_migrations" ("version") VALUES ($1) RETURNING "version"[0m  [["version", "20220921194155"]]
  [1m[36mTRANSACTION (27.5ms)[0m  [1m[35mCOMMIT[0m
  [1m[36mActiveRecord::InternalMetadata Load (0.9ms)[0m  [1m[34mSELECT "ar_internal_metadata".* FROM "ar_internal_metadata" WHERE "ar_internal_metadata"."key" = $1 LIMIT $2[0m  [["key", "environment"], ["LIMIT", 1]]
  [1m[35m (0.7ms)[0m  [1m[34mSELECT pg_advisory_unlock(879314988162354450)[0m
  [1m[35m (0.6ms)[0m  [1m[34mSELECT "schema_migrations"."version" FROM "schema_migrations" ORDER BY "schema_migrations"."version" ASC[0m
Started GET "/" for 127.0.0.1 at 2022-09-21 22:07:19 +0200
  [1m[35m (1.9ms)[0m  [1m[34mSELECT "schema_migrations"."version" FROM "schema_migrations" ORDER BY "schema_migrations"."version" ASC[0m
Processing by Rails::WelcomeController#index as HTML
  Rendering /home/abdelkhalek/.rbenv/versions/3.0.1/lib/ruby/gems/3.0.0/gems/railties-6.1.7/lib/rails/templates/rails/welcome/index.html.erb
  Rendered /home/abdelkhalek/.rbenv/versions/3.0.1/lib/ruby/gems/3.0.0/gems/railties-6.1.7/lib/rails/templates/rails/welcome/index.html.erb (Duration: 41.2ms | Allocations: 609)
Completed 200 OK in 233ms (Views: 71.2ms | ActiveRecord: 0.0ms | Allocations: 4824)


Started GET "/" for 127.0.0.1 at 2022-09-21 22:07:50 +0200
Processing by Rails::WelcomeController#index as HTML
  Rendering /home/abdelkhalek/.rbenv/versions/3.0.1/lib/ruby/gems/3.0.0/gems/railties-6.1.7/lib/rails/templates/rails/welcome/index.html.erb
  Rendered /home/abdelkhalek/.rbenv/versions/3.0.1/lib/ruby/gems/3.0.0/gems/railties-6.1.7/lib/rails/templates/rails/welcome/index.html.erb (Duration: 6.6ms | Allocations: 267)
Completed 200 OK in 9ms (Views: 7.5ms | ActiveRecord: 0.0ms | Allocations: 1177)


Started GET "/users/sign_in" for 127.0.0.1 at 2022-09-21 22:08:32 +0200
Processing by Devise::SessionsController#new as HTML
  Rendering layout layouts/application.html.erb
  Rendering /home/abdelkhalek/.rbenv/versions/3.0.1/lib/ruby/gems/3.0.0/gems/devise-4.8.1/app/views/devise/sessions/new.html.erb within layouts/application
  Rendered /home/abdelkhalek/.rbenv/versions/3.0.1/lib/ruby/gems/3.0.0/gems/devise-4.8.1/app/views/devise/shared/_links.html.erb (Duration: 33.2ms | Allocations: 719)
  Rendered /home/abdelkhalek/.rbenv/versions/3.0.1/lib/ruby/gems/3.0.0/gems/devise-4.8.1/app/views/devise/sessions/new.html.erb within layouts/application (Duration: 392.0ms | Allocations: 9546)
[Webpacker] Compiling...
[Webpacker] Compiled all packs in /home/abdelkhalek/rails apps/hands on rails/Quran Racers/public/packs
[Webpacker] Hash: 0fe7dcd9d8f9ebcf52de
Version: webpack 4.46.0
Time: 13312ms
Built at: 09/21/2022 10:09:06 PM
                                     Asset       Size       Chunks                         Chunk Names
    js/application-2e212f7c8f867558ac6e.js    121 KiB  application  [emitted] [immutable]  application
js/application-2e212f7c8f867558ac6e.js.map    136 KiB  application  [emitted] [dev]        application
                             manifest.json  364 bytes               [emitted]              
Entrypoint application = js/application-2e212f7c8f867558ac6e.js js/application-2e212f7c8f867558ac6e.js.map
[./app/javascript/channels sync recursive _channel\.js$] ./app/javascript/channels sync _channel\.js$ 160 bytes {application} [built]
[./app/javascript/channels/index.js] 211 bytes {application} [built]
[./app/javascript/packs/application.js] 492 bytes {application} [built]
    + 3 hidden modules

  Rendered layout layouts/application.html.erb (Duration: 33574.0ms | Allocations: 22695)
Completed 200 OK in 33671ms (Views: 33627.9ms | ActiveRecord: 8.8ms | Allocations: 30660)


Started GET "/users/sign_up" for 127.0.0.1 at 2022-09-21 22:09:53 +0200
Processing by Devise::RegistrationsController#new as HTML
  Rendering layout layouts/application.html.erb
  Rendering /home/abdelkhalek/.rbenv/versions/3.0.1/lib/ruby/gems/3.0.0/gems/devise-4.8.1/app/views/devise/registrations/new.html.erb within layouts/application
  Rendered /home/abdelkhalek/.rbenv/versions/3.0.1/lib/ruby/gems/3.0.0/gems/devise-4.8.1/app/views/devise/shared/_error_messages.html.erb (Duration: 33.9ms | Allocations: 244)
  Rendered /home/abdelkhalek/.rbenv/versions/3.0.1/lib/ruby/gems/3.0.0/gems/devise-4.8.1/app/views/devise/shared/_links.html.erb (Duration: 1.0ms | Allocations: 174)
  Rendered /home/abdelkhalek/.rbenv/versions/3.0.1/lib/ruby/gems/3.0.0/gems/devise-4.8.1/app/views/devise/registrations/new.html.erb within layouts/application (Duration: 55.2ms | Allocations: 2417)
[Webpacker] Everything's up-to-date. Nothing to do
  Rendered layout layouts/application.html.erb (Duration: 70.0ms | Allocations: 5997)
Completed 200 OK in 101ms (Views: 98.8ms | ActiveRecord: 0.0ms | Allocations: 7646)


Started POST "/users" for 127.0.0.1 at 2022-09-21 22:10:06 +0200
Processing by Devise::RegistrationsController#create as HTML
  Parameters: {"authenticity_token"=>"[FILTERED]", "user"=>{"email"=>"abdo@gmail.com", "password"=>"[FILTERED]", "password_confirmation"=>"[FILTERED]"}, "commit"=>"Sign up"}
  [1m[36mTRANSACTION (0.8ms)[0m  [1m[35mBEGIN[0m
  [1m[36mUser Exists? (24.6ms)[0m  [1m[34mSELECT 1 AS one FROM "users" WHERE "users"."email" = $1 LIMIT $2[0m  [["email", "abdo@gmail.com"], ["LIMIT", 1]]
  [1m[36mUser Create (1.4ms)[0m  [1m[32mINSERT INTO "users" ("email", "encrypted_password", "created_at", "updated_at") VALUES ($1, $2, $3, $4) RETURNING "id"[0m  [["email", "abdo@gmail.com"], ["encrypted_password", "$2a$12$mLHDiDIW1WmZJxqT0Ng.MOH082wsdfzyM99fwBcJxC02s4HM4P15m"], ["created_at", "2022-09-21 20:10:06.816122"], ["updated_at", "2022-09-21 20:10:06.816122"]]
  [1m[36mTRANSACTION (22.4ms)[0m  [1m[35mCOMMIT[0m
Redirected to http://localhost:3000/
Completed 302 Found in 652ms (ActiveRecord: 49.3ms | Allocations: 10818)


Started GET "/" for 127.0.0.1 at 2022-09-21 22:10:06 +0200
Processing by Rails::WelcomeController#index as HTML
  Rendering /home/abdelkhalek/.rbenv/versions/3.0.1/lib/ruby/gems/3.0.0/gems/railties-6.1.7/lib/rails/templates/rails/welcome/index.html.erb
  Rendered /home/abdelkhalek/.rbenv/versions/3.0.1/lib/ruby/gems/3.0.0/gems/railties-6.1.7/lib/rails/templates/rails/welcome/index.html.erb (Duration: 0.6ms | Allocations: 57)
Completed 200 OK in 2ms (Views: 1.2ms | ActiveRecord: 0.0ms | Allocations: 568)


Started GET "/users/sign_out" for 127.0.0.1 at 2022-09-21 22:12:13 +0200
  [1m[35m (1.1ms)[0m  [1m[34mSELECT "schema_migrations"."version" FROM "schema_migrations" ORDER BY "schema_migrations"."version" ASC[0m
  
ActionController::RoutingError (No route matches [GET] "/users/sign_out"):
  
Started GET "/users/password/edit" for 127.0.0.1 at 2022-09-21 22:13:02 +0200
Processing by Devise::PasswordsController#edit as HTML
  [1m[36mUser Load (1.2ms)[0m  [1m[34mSELECT "users".* FROM "users" WHERE "users"."id" = $1 ORDER BY "users"."id" ASC LIMIT $2[0m  [["id", 1], ["LIMIT", 1]]
Redirected to http://localhost:3000/
Filter chain halted as :require_no_authentication rendered or redirected
Completed 302 Found in 47ms (ActiveRecord: 7.6ms | Allocations: 9715)


Started GET "/" for 127.0.0.1 at 2022-09-21 22:13:02 +0200
Processing by Rails::WelcomeController#index as HTML
  Rendering /home/abdelkhalek/.rbenv/versions/3.0.1/lib/ruby/gems/3.0.0/gems/railties-6.1.7/lib/rails/templates/rails/welcome/index.html.erb
  Rendered /home/abdelkhalek/.rbenv/versions/3.0.1/lib/ruby/gems/3.0.0/gems/railties-6.1.7/lib/rails/templates/rails/welcome/index.html.erb (Duration: 7.9ms | Allocations: 274)
Completed 200 OK in 13ms (Views: 9.5ms | ActiveRecord: 0.0ms | Allocations: 2501)


Started GET "/users/password/edit" for 127.0.0.1 at 2022-09-21 22:13:14 +0200
Processing by Devise::PasswordsController#edit as HTML
  [1m[36mUser Load (0.9ms)[0m  [1m[34mSELECT "users".* FROM "users" WHERE "users"."id" = $1 ORDER BY "users"."id" ASC LIMIT $2[0m  [["id", 1], ["LIMIT", 1]]
Redirected to http://localhost:3000/
Filter chain halted as :require_no_authentication rendered or redirected
Completed 302 Found in 5ms (ActiveRecord: 0.9ms | Allocations: 1826)


Started GET "/" for 127.0.0.1 at 2022-09-21 22:13:14 +0200
Processing by Rails::WelcomeController#index as HTML
  Rendering /home/abdelkhalek/.rbenv/versions/3.0.1/lib/ruby/gems/3.0.0/gems/railties-6.1.7/lib/rails/templates/rails/welcome/index.html.erb
  Rendered /home/abdelkhalek/.rbenv/versions/3.0.1/lib/ruby/gems/3.0.0/gems/railties-6.1.7/lib/rails/templates/rails/welcome/index.html.erb (Duration: 7.4ms | Allocations: 267)
Completed 200 OK in 10ms (Views: 8.7ms | ActiveRecord: 0.0ms | Allocations: 1198)


Started GET "/users/sign_in" for 127.0.0.1 at 2022-09-21 22:14:23 +0200
Processing by Devise::SessionsController#new as HTML
  [1m[36mUser Load (1.2ms)[0m  [1m[34mSELECT "users".* FROM "users" WHERE "users"."id" = $1 ORDER BY "users"."id" ASC LIMIT $2[0m  [["id", 1], ["LIMIT", 1]]
Redirected to http://localhost:3000/
Filter chain halted as :require_no_authentication rendered or redirected
Completed 302 Found in 6ms (ActiveRecord: 1.2ms | Allocations: 2042)


Started GET "/" for 127.0.0.1 at 2022-09-21 22:14:23 +0200
Processing by Rails::WelcomeController#index as HTML
  Rendering /home/abdelkhalek/.rbenv/versions/3.0.1/lib/ruby/gems/3.0.0/gems/railties-6.1.7/lib/rails/templates/rails/welcome/index.html.erb
  Rendered /home/abdelkhalek/.rbenv/versions/3.0.1/lib/ruby/gems/3.0.0/gems/railties-6.1.7/lib/rails/templates/rails/welcome/index.html.erb (Duration: 0.4ms | Allocations: 57)
Completed 200 OK in 2ms (Views: 1.5ms | ActiveRecord: 0.0ms | Allocations: 530)


Started GET "/users/sign_up" for 127.0.0.1 at 2022-09-21 22:14:38 +0200
Processing by Devise::RegistrationsController#new as HTML
  [1m[36mUser Load (1.3ms)[0m  [1m[34mSELECT "users".* FROM "users" WHERE "users"."id" = $1 ORDER BY "users"."id" ASC LIMIT $2[0m  [["id", 1], ["LIMIT", 1]]
Redirected to http://localhost:3000/
Filter chain halted as :require_no_authentication rendered or redirected
Completed 302 Found in 10ms (ActiveRecord: 1.3ms | Allocations: 2039)


Started GET "/" for 127.0.0.1 at 2022-09-21 22:14:38 +0200
Processing by Rails::WelcomeController#index as HTML
  Rendering /home/abdelkhalek/.rbenv/versions/3.0.1/lib/ruby/gems/3.0.0/gems/railties-6.1.7/lib/rails/templates/rails/welcome/index.html.erb
  Rendered /home/abdelkhalek/.rbenv/versions/3.0.1/lib/ruby/gems/3.0.0/gems/railties-6.1.7/lib/rails/templates/rails/welcome/index.html.erb (Duration: 0.4ms | Allocations: 57)
Completed 200 OK in 2ms (Views: 0.8ms | ActiveRecord: 0.0ms | Allocations: 529)


Started GET "/users/sign_out" for 127.0.0.1 at 2022-09-21 22:15:07 +0200
  
ActionController::RoutingError (No route matches [GET] "/users/sign_out"):
  
